0 info it worked if it ends with ok
1 verbose cli [ 'node',
1 verbose cli   '/usr/local/bin/npm',
1 verbose cli   'install',
1 verbose cli   'gulp-livereaload',
1 verbose cli   '--save-dev' ]
2 info using npm@1.3.11
3 info using node@v0.10.31
4 verbose node symlink /usr/local/bin/node
5 warn package.json gulp.demo@0.0.0 No description
6 warn package.json gulp.demo@0.0.0 No repository field.
7 warn package.json gulp.demo@0.0.0 No README data
8 verbose readDependencies using package.json deps
9 verbose cache add [ 'gulp-livereaload', null ]
10 verbose cache add name=undefined spec="gulp-livereaload" args=["gulp-livereaload",null]
11 verbose parsed url { protocol: null,
11 verbose parsed url   slashes: null,
11 verbose parsed url   auth: null,
11 verbose parsed url   host: null,
11 verbose parsed url   port: null,
11 verbose parsed url   hostname: null,
11 verbose parsed url   hash: null,
11 verbose parsed url   search: null,
11 verbose parsed url   query: null,
11 verbose parsed url   pathname: 'gulp-livereaload',
11 verbose parsed url   path: 'gulp-livereaload',
11 verbose parsed url   href: 'gulp-livereaload' }
12 silly lockFile 7cc6d3de-gulp-livereaload gulp-livereaload
13 verbose lock gulp-livereaload /Users/student/.npm/7cc6d3de-gulp-livereaload.lock
14 silly lockFile 7cc6d3de-gulp-livereaload gulp-livereaload
15 silly lockFile 7cc6d3de-gulp-livereaload gulp-livereaload
16 verbose addNamed [ 'gulp-livereaload', '' ]
17 verbose addNamed [ null, '*' ]
18 silly lockFile a88c93b2-gulp-livereaload gulp-livereaload@
19 verbose lock gulp-livereaload@ /Users/student/.npm/a88c93b2-gulp-livereaload.lock
20 silly addNameRange { name: 'gulp-livereaload', range: '*', hasData: false }
21 verbose url raw gulp-livereaload
22 verbose url resolving [ 'https://registry.npmjs.org/', './gulp-livereaload' ]
23 verbose url resolved https://registry.npmjs.org/gulp-livereaload
24 info trying registry request attempt 1 at 15:37:05
25 http GET https://registry.npmjs.org/gulp-livereaload
26 http 404 https://registry.npmjs.org/gulp-livereaload
27 silly registry.get cb [ 404,
27 silly registry.get   { date: 'Thu, 30 Oct 2014 21:37:06 GMT',
27 silly registry.get     server: 'CouchDB/1.5.0 (Erlang OTP/R16B03)',
27 silly registry.get     'content-type': 'application/json',
27 silly registry.get     'cache-control': 'max-age=0',
27 silly registry.get     'content-length': '52',
27 silly registry.get     'accept-ranges': 'bytes',
27 silly registry.get     via: '1.1 varnish',
27 silly registry.get     age: '0',
27 silly registry.get     'x-served-by': 'cache-lax1435-LAX',
27 silly registry.get     'x-cache': 'MISS',
27 silly registry.get     'x-cache-hits': '0',
27 silly registry.get     'x-timer': 'S1414705025.993351,VS0,VE41',
27 silly registry.get     'keep-alive': 'timeout=10, max=50',
27 silly registry.get     connection: 'Keep-Alive' } ]
28 silly lockFile a88c93b2-gulp-livereaload gulp-livereaload@
29 silly lockFile a88c93b2-gulp-livereaload gulp-livereaload@
30 error 404 'gulp-livereaload' is not in the npm registry.
30 error 404 You should bug the author to publish it
30 error 404
30 error 404 Note that you can also install from a
30 error 404 tarball, folder, or http url, or git url.
31 error System Darwin 13.3.0
32 error command "node" "/usr/local/bin/npm" "install" "gulp-livereaload" "--save-dev"
33 error cwd /Users/student/projects/gulp
34 error node -v v0.10.31
35 error npm -v 1.3.11
36 error code E404
37 verbose exit [ 1, true ]
